<?xml version="1.0" encoding="UTF-8"?>
<testng-results ignored="0" total="1" passed="1" failed="0" skipped="0">
  <reporter-output>
  </reporter-output>
  <suite started-at="2023-08-02T18:24:52Z" name="InetbankingV1" finished-at="2023-08-02T18:25:29Z" duration-ms="36771">
    <groups>
    </groups>
    <test started-at="2023-08-02T18:24:52Z" name="BankingApp Test" finished-at="2023-08-02T18:25:29Z" duration-ms="36771">
      <class name="com.inetbanking.testCases.TC_loginTest_001">
        <test-method is-config="true" signature="setup(java.lang.String)[pri:0, instance:com.inetbanking.testCases.TC_loginTest_001@258d79be]" started-at="2023-08-02T18:24:52Z" name="setup" finished-at="2023-08-02T18:25:27Z" duration-ms="35565" status="PASS">
          <params>
            <param index="0">
              <value>
                <![CDATA[chrome]]>
              </value>
            </param>
          </params>
          <reporter-output>
          </reporter-output>
        </test-method> <!-- setup -->
        <test-method signature="loginTest()[pri:0, instance:com.inetbanking.testCases.TC_loginTest_001@258d79be]" started-at="2023-08-02T18:25:27Z" name="loginTest" finished-at="2023-08-02T18:25:28Z" duration-ms="769" status="PASS">
          <reporter-output>
          </reporter-output>
        </test-method> <!-- loginTest -->
        <test-method is-config="true" signature="teardown()[pri:0, instance:com.inetbanking.testCases.TC_loginTest_001@258d79be]" started-at="2023-08-02T18:25:28Z" name="teardown" finished-at="2023-08-02T18:25:29Z" duration-ms="414" status="PASS">
          <reporter-output>
          </reporter-output>
        </test-method> <!-- teardown -->
      </class> <!-- com.inetbanking.testCases.TC_loginTest_001 -->
    </test> <!-- BankingApp Test -->
  </suite> <!-- InetbankingV1 -->
</testng-results>
