<?xml version="1.0" encoding="UTF-8"?>
<testng-results ignored="0" total="1" passed="1" failed="0" skipped="0">
  <reporter-output>
  </reporter-output>
  <suite started-at="2023-08-01T18:19:43Z" name="InetbankingV1" finished-at="2023-08-01T18:19:56Z" duration-ms="12743">
    <groups>
    </groups>
    <test started-at="2023-08-01T18:19:43Z" name="BankingApp Test" finished-at="2023-08-01T18:19:56Z" duration-ms="12743">
      <class name="com.inetbanking.testCases.TC_loginTest_001">
        <test-method is-config="true" signature="setup(java.lang.String)[pri:0, instance:com.inetbanking.testCases.TC_loginTest_001@341814d3]" started-at="2023-08-01T18:19:43Z" name="setup" finished-at="2023-08-01T18:19:54Z" duration-ms="10709" status="PASS">
          <params>
            <param index="0">
              <value>
                <![CDATA[firefox]]>
              </value>
            </param>
          </params>
          <reporter-output>
          </reporter-output>
        </test-method> <!-- setup -->
        <test-method signature="loginTest()[pri:0, instance:com.inetbanking.testCases.TC_loginTest_001@341814d3]" started-at="2023-08-01T18:19:54Z" name="loginTest" finished-at="2023-08-01T18:19:55Z" duration-ms="536" status="PASS">
          <reporter-output>
          </reporter-output>
        </test-method> <!-- loginTest -->
        <test-method is-config="true" signature="teardown()[pri:0, instance:com.inetbanking.testCases.TC_loginTest_001@341814d3]" started-at="2023-08-01T18:19:55Z" name="teardown" finished-at="2023-08-01T18:19:56Z" duration-ms="1469" status="PASS">
          <reporter-output>
          </reporter-output>
        </test-method> <!-- teardown -->
      </class> <!-- com.inetbanking.testCases.TC_loginTest_001 -->
    </test> <!-- BankingApp Test -->
  </suite> <!-- InetbankingV1 -->
</testng-results>
