<?xml version="1.0" encoding="UTF-8"?>
<testng-results ignored="0" total="1" passed="1" failed="0" skipped="0">
  <reporter-output>
  </reporter-output>
  <suite started-at="2023-08-03T12:00:51Z" name="InetbankingV1" finished-at="2023-08-03T12:01:23Z" duration-ms="31705">
    <groups>
    </groups>
    <test started-at="2023-08-03T12:00:51Z" name="BankingApp Test" finished-at="2023-08-03T12:01:23Z" duration-ms="31705">
      <class name="com.inetbanking.testCases.TC_AddCustomerTest_003">
        <test-method is-config="true" signature="setup(java.lang.String)[pri:0, instance:com.inetbanking.testCases.TC_AddCustomerTest_003@4397ad89]" started-at="2023-08-03T12:00:51Z" name="setup" finished-at="2023-08-03T12:01:02Z" duration-ms="10238" status="PASS">
          <params>
            <param index="0">
              <value>
                <![CDATA[chrome]]>
              </value>
            </param>
          </params>
          <reporter-output>
          </reporter-output>
        </test-method> <!-- setup -->
        <test-method signature="addnewcustomer()[pri:0, instance:com.inetbanking.testCases.TC_AddCustomerTest_003@4397ad89]" started-at="2023-08-03T12:01:02Z" name="addnewcustomer" finished-at="2023-08-03T12:01:23Z" duration-ms="21153" status="PASS">
          <reporter-output>
          </reporter-output>
        </test-method> <!-- addnewcustomer -->
        <test-method is-config="true" signature="teardown()[pri:0, instance:com.inetbanking.testCases.TC_AddCustomerTest_003@4397ad89]" started-at="2023-08-03T12:01:23Z" name="teardown" finished-at="2023-08-03T12:01:23Z" duration-ms="285" status="PASS">
          <reporter-output>
          </reporter-output>
        </test-method> <!-- teardown -->
      </class> <!-- com.inetbanking.testCases.TC_AddCustomerTest_003 -->
    </test> <!-- BankingApp Test -->
  </suite> <!-- InetbankingV1 -->
</testng-results>
